{"C:\\Users\\alesa\\OneDrive\\Desktop\\Universidad\\Clases\\2026-1\\Calidad_de_Software\\Safeguard-ops\\SafeGuard_Back\\src\\config\\db.ts": {"path":"C:\\Users\\alesa\\OneDrive\\Desktop\\Universidad\\Clases\\2026-1\\Calidad_de_Software\\Safeguard-ops\\SafeGuard_Back\\src\\config\\db.ts","statementMap":{"0":{"start":{"line":11,"column":37},"end":{"line":11,"column":39}},"1":{"start":{"line":23,"column":33},"end":{"line":30,"column":null}}},"fnMap":{},"branchMap":{},"s":{"0":2,"1":2},"f":{},"b":{},"meta":{"lastBranch":0,"lastFunction":0,"lastStatement":2,"seen":{"s:11:37:11:39":0,"s:23:33:30:Infinity":1}}}
,"C:\\Users\\alesa\\OneDrive\\Desktop\\Universidad\\Clases\\2026-1\\Calidad_de_Software\\Safeguard-ops\\SafeGuard_Back\\src\\controllers\\auth.controller.ts": {"path":"C:\\Users\\alesa\\OneDrive\\Desktop\\Universidad\\Clases\\2026-1\\Calidad_de_Software\\Safeguard-ops\\SafeGuard_Back\\src\\controllers\\auth.controller.ts","statementMap":{"0":{"start":{"line":4,"column":24},"end":{"line":11,"column":null}},"1":{"start":{"line":5,"column":2},"end":{"line":11,"column":null}},"2":{"start":{"line":6,"column":25},"end":{"line":6,"column":57}},"3":{"start":{"line":7,"column":4},"end":{"line":7,"column":null}},"4":{"start":{"line":10,"column":19},"end":{"line":10,"column":null}},"5":{"start":{"line":11,"column":4},"end":{"line":11,"column":null}},"6":{"start":{"line":15,"column":21},"end":{"line":21,"column":null}},"7":{"start":{"line":16,"column":2},"end":{"line":21,"column":null}},"8":{"start":{"line":17,"column":32},"end":{"line":17,"column":null}},"9":{"start":{"line":18,"column":21},"end":{"line":18,"column":56}},"10":{"start":{"line":19,"column":4},"end":{"line":19,"column":null}},"11":{"start":{"line":21,"column":4},"end":{"line":21,"column":null}}},"fnMap":{"0":{"name":"(anonymous_0)","decl":{"start":{"line":4,"column":24},"end":{"line":4,"column":31}},"loc":{"start":{"line":4,"column":63},"end":{"line":11,"column":null}},"line":4},"1":{"name":"(anonymous_1)","decl":{"start":{"line":15,"column":21},"end":{"line":15,"column":28}},"loc":{"start":{"line":15,"column":60},"end":{"line":21,"column":null}},"line":15}},"branchMap":{"0":{"loc":{"start":{"line":10,"column":19},"end":{"line":10,"column":null}},"type":"cond-expr","locations":[{"start":{"line":10,"column":53},"end":{"line":10,"column":59}},{"start":{"line":10,"column":59},"end":{"line":10,"column":null}}],"line":10}},"s":{"0":1,"1":2,"2":2,"3":1,"4":1,"5":1,"6":1,"7":0,"8":0,"9":0,"10":0,"11":0},"f":{"0":2,"1":0},"b":{"0":[0,1]},"meta":{"lastBranch":1,"lastFunction":2,"lastStatement":12,"seen":{"s:4:24:11:Infinity":0,"f:4:24:4:31":0,"s:5:2:11:Infinity":1,"s:6:25:6:57":2,"s:7:4:7:Infinity":3,"s:10:19:10:Infinity":4,"b:10:53:10:59:10:59:10:Infinity":0,"s:11:4:11:Infinity":5,"s:15:21:21:Infinity":6,"f:15:21:15:28":1,"s:16:2:21:Infinity":7,"s:17:32:17:Infinity":8,"s:18:21:18:56":9,"s:19:4:19:Infinity":10,"s:21:4:21:Infinity":11}}}
,"C:\\Users\\alesa\\OneDrive\\Desktop\\Universidad\\Clases\\2026-1\\Calidad_de_Software\\Safeguard-ops\\SafeGuard_Back\\src\\services\\auth.service.ts": {"path":"C:\\Users\\alesa\\OneDrive\\Desktop\\Universidad\\Clases\\2026-1\\Calidad_de_Software\\Safeguard-ops\\SafeGuard_Back\\src\\services\\auth.service.ts","statementMap":{"0":{"start":{"line":3,"column":32},"end":{"line":22,"column":null}},"1":{"start":{"line":5,"column":2},"end":{"line":6,"column":null}},"2":{"start":{"line":6,"column":4},"end":{"line":6,"column":null}},"3":{"start":{"line":10,"column":17},"end":{"line":10,"column":62}},"4":{"start":{"line":10,"column":38},"end":{"line":10,"column":62}},"5":{"start":{"line":11,"column":2},"end":{"line":12,"column":null}},"6":{"start":{"line":12,"column":4},"end":{"line":12,"column":null}},"7":{"start":{"line":16,"column":32},"end":{"line":19,"column":null}},"8":{"start":{"line":21,"column":2},"end":{"line":21,"column":null}},"9":{"start":{"line":22,"column":2},"end":{"line":22,"column":null}},"10":{"start":{"line":25,"column":28},"end":{"line":42,"column":null}},"11":{"start":{"line":26,"column":18},"end":{"line":26,"column":57}},"12":{"start":{"line":26,"column":39},"end":{"line":26,"column":57}},"13":{"start":{"line":28,"column":2},"end":{"line":29,"column":null}},"14":{"start":{"line":29,"column":4},"end":{"line":29,"column":null}},"15":{"start":{"line":33,"column":2},"end":{"line":34,"column":null}},"16":{"start":{"line":34,"column":4},"end":{"line":34,"column":null}},"17":{"start":{"line":38,"column":2},"end":{"line":42,"column":null}}},"fnMap":{"0":{"name":"(anonymous_0)","decl":{"start":{"line":3,"column":32},"end":{"line":3,"column":39}},"loc":{"start":{"line":3,"column":70},"end":{"line":22,"column":null}},"line":3},"1":{"name":"(anonymous_1)","decl":{"start":{"line":10,"column":28},"end":{"line":10,"column":33}},"loc":{"start":{"line":10,"column":38},"end":{"line":10,"column":62}},"line":10},"2":{"name":"(anonymous_2)","decl":{"start":{"line":25,"column":28},"end":{"line":25,"column":35}},"loc":{"start":{"line":25,"column":71},"end":{"line":42,"column":null}},"line":25},"3":{"name":"(anonymous_3)","decl":{"start":{"line":26,"column":29},"end":{"line":26,"column":34}},"loc":{"start":{"line":26,"column":39},"end":{"line":26,"column":57}},"line":26}},"branchMap":{"0":{"loc":{"start":{"line":5,"column":2},"end":{"line":6,"column":null}},"type":"if","locations":[{"start":{"line":5,"column":2},"end":{"line":6,"column":null}},{"start":{},"end":{}}],"line":5},"1":{"loc":{"start":{"line":11,"column":2},"end":{"line":12,"column":null}},"type":"if","locations":[{"start":{"line":11,"column":2},"end":{"line":12,"column":null}},{"start":{},"end":{}}],"line":11},"2":{"loc":{"start":{"line":28,"column":2},"end":{"line":29,"column":null}},"type":"if","locations":[{"start":{"line":28,"column":2},"end":{"line":29,"column":null}},{"start":{},"end":{}}],"line":28},"3":{"loc":{"start":{"line":33,"column":2},"end":{"line":34,"column":null}},"type":"if","locations":[{"start":{"line":33,"column":2},"end":{"line":34,"column":null}},{"start":{},"end":{}}],"line":33}},"s":{"0":2,"1":6,"2":1,"3":5,"4":1,"5":5,"6":1,"7":4,"8":4,"9":4,"10":2,"11":3,"12":2,"13":3,"14":1,"15":2,"16":1,"17":1},"f":{"0":6,"1":1,"2":3,"3":2},"b":{"0":[1,5],"1":[1,4],"2":[1,2],"3":[1,1]},"meta":{"lastBranch":4,"lastFunction":4,"lastStatement":18,"seen":{"s:3:32:22:Infinity":0,"f:3:32:3:39":0,"b:5:2:6:Infinity:undefined:undefined:undefined:undefined":0,"s:5:2:6:Infinity":1,"s:6:4:6:Infinity":2,"s:10:17:10:62":3,"f:10:28:10:33":1,"s:10:38:10:62":4,"b:11:2:12:Infinity:undefined:undefined:undefined:undefined":1,"s:11:2:12:Infinity":5,"s:12:4:12:Infinity":6,"s:16:32:19:Infinity":7,"s:21:2:21:Infinity":8,"s:22:2:22:Infinity":9,"s:25:28:42:Infinity":10,"f:25:28:25:35":2,"s:26:18:26:57":11,"f:26:29:26:34":3,"s:26:39:26:57":12,"b:28:2:29:Infinity:undefined:undefined:undefined:undefined":2,"s:28:2:29:Infinity":13,"s:29:4:29:Infinity":14,"b:33:2:34:Infinity:undefined:undefined:undefined:undefined":3,"s:33:2:34:Infinity":15,"s:34:4:34:Infinity":16,"s:38:2:42:Infinity":17}}}
,"C:\\Users\\alesa\\OneDrive\\Desktop\\Universidad\\Clases\\2026-1\\Calidad_de_Software\\Safeguard-ops\\SafeGuard_Back\\src\\utils\\geo.ts": {"path":"C:\\Users\\alesa\\OneDrive\\Desktop\\Universidad\\Clases\\2026-1\\Calidad_de_Software\\Safeguard-ops\\SafeGuard_Back\\src\\utils\\geo.ts","statementMap":{"0":{"start":{"line":1,"column":6},"end":{"line":1,"column":null}},"1":{"start":{"line":1,"column":34},"end":{"line":1,"column":null}},"2":{"start":{"line":3,"column":13},"end":{"line":18,"column":null}},"3":{"start":{"line":7,"column":12},"end":{"line":7,"column":null}},"4":{"start":{"line":8,"column":15},"end":{"line":8,"column":33}},"5":{"start":{"line":9,"column":15},"end":{"line":9,"column":33}},"6":{"start":{"line":11,"column":4},"end":{"line":13,"column":43}},"7":{"start":{"line":15,"column":12},"end":{"line":15,"column":58}},"8":{"start":{"line":16,"column":28},"end":{"line":16,"column":null}},"9":{"start":{"line":18,"column":2},"end":{"line":18,"column":null}}},"fnMap":{"0":{"name":"(anonymous_0)","decl":{"start":{"line":1,"column":6},"end":{"line":1,"column":15}},"loc":{"start":{"line":1,"column":34},"end":{"line":1,"column":null}},"line":1},"1":{"name":"(anonymous_1)","decl":{"start":{"line":3,"column":13},"end":{"line":3,"column":null}},"loc":{"start":{"line":6,"column":13},"end":{"line":18,"column":null}},"line":6}},"branchMap":{},"s":{"0":1,"1":8,"2":1,"3":2,"4":2,"5":2,"6":2,"7":2,"8":2,"9":2},"f":{"0":8,"1":2},"b":{},"meta":{"lastBranch":0,"lastFunction":2,"lastStatement":10,"seen":{"s:1:6:1:Infinity":0,"f:1:6:1:15":0,"s:1:34:1:Infinity":1,"s:3:13:18:Infinity":2,"f:3:13:3:Infinity":1,"s:7:12:7:Infinity":3,"s:8:15:8:33":4,"s:9:15:9:33":5,"s:11:4:13:43":6,"s:15:12:15:58":7,"s:16:28:16:Infinity":8,"s:18:2:18:Infinity":9}}}
}
