<?xml version="1.0" encoding="UTF-8"?>
<coverage generated="1777221786121" clover="3.2.0">
  <project timestamp="1777221786121" name="All files">
    <metrics statements="101" coveredstatements="93" conditionals="31" coveredconditionals="23" methods="23" coveredmethods="22" elements="155" coveredelements="138" complexity="0" loc="101" ncloc="101" packages="3" files="4" classes="4"/>
    <package name="pages">
      <metrics statements="19" coveredstatements="16" conditionals="6" coveredconditionals="3" methods="4" coveredmethods="4"/>
      <file name="Login.tsx" path="C:\Users\alesa\OneDrive\Desktop\Universidad\Clases\2026-1\Calidad_de_Software\Safeguard-ops\SafeGuard_Front\src\pages\Login.tsx">
        <metrics statements="19" coveredstatements="16" conditionals="6" coveredconditionals="3" methods="4" coveredmethods="4"/>
        <line num="6" count="10" type="stmt"/>
        <line num="7" count="10" type="stmt"/>
        <line num="8" count="10" type="stmt"/>
        <line num="9" count="10" type="stmt"/>
        <line num="11" count="10" type="stmt"/>
        <line num="12" count="2" type="stmt"/>
        <line num="13" count="2" type="stmt"/>
        <line num="14" count="2" type="stmt"/>
        <line num="15" count="2" type="stmt"/>
        <line num="18" count="1" type="stmt"/>
        <line num="21" count="1" type="cond" truecount="1" falsecount="1"/>
        <line num="22" count="1" type="stmt"/>
        <line num="23" count="0" type="cond" truecount="0" falsecount="2"/>
        <line num="24" count="0" type="stmt"/>
        <line num="26" count="0" type="stmt"/>
        <line num="30" count="1" type="stmt"/>
        <line num="34" count="10" type="stmt"/>
        <line num="40" count="2" type="stmt"/>
        <line num="43" count="2" type="stmt"/>
      </file>
    </package>
    <package name="pages.dashboards">
      <metrics statements="68" coveredstatements="63" conditionals="16" coveredconditionals="12" methods="18" coveredmethods="17"/>
      <file name="AdminDashboard.tsx" path="C:\Users\alesa\OneDrive\Desktop\Universidad\Clases\2026-1\Calidad_de_Software\Safeguard-ops\SafeGuard_Front\src\pages\dashboards\AdminDashboard.tsx">
        <metrics statements="31" coveredstatements="29" conditionals="8" coveredconditionals="8" methods="9" coveredmethods="9"/>
        <line num="5" count="10" type="stmt"/>
        <line num="6" count="10" type="stmt"/>
        <line num="7" count="10" type="stmt"/>
        <line num="10" count="10" type="stmt"/>
        <line num="12" count="10" type="stmt"/>
        <line num="13" count="3" type="stmt"/>
        <line num="16" count="10" type="stmt"/>
        <line num="17" count="4" type="stmt"/>
        <line num="18" count="4" type="stmt"/>
        <line num="19" count="4" type="stmt"/>
        <line num="20" count="4" type="stmt"/>
        <line num="21" count="4" type="stmt"/>
        <line num="23" count="0" type="stmt"/>
        <line num="27" count="10" type="stmt"/>
        <line num="28" count="1" type="stmt"/>
        <line num="31" count="10" type="stmt"/>
        <line num="32" count="2" type="stmt"/>
        <line num="33" count="2" type="stmt"/>
        <line num="35" count="2" type="cond" truecount="2" falsecount="0"/>
        <line num="36" count="1" type="stmt"/>
        <line num="37" count="1" type="stmt"/>
        <line num="40" count="1" type="stmt"/>
        <line num="41" count="1" type="stmt"/>
        <line num="42" count="1" type="stmt"/>
        <line num="43" count="1" type="stmt"/>
        <line num="45" count="0" type="stmt"/>
        <line num="49" count="10" type="stmt"/>
        <line num="74" count="7" type="stmt"/>
        <line num="79" count="1" type="stmt"/>
        <line num="85" count="7" type="stmt"/>
        <line num="91" count="2" type="stmt"/>
      </file>
      <file name="ClientDashboard.tsx" path="C:\Users\alesa\OneDrive\Desktop\Universidad\Clases\2026-1\Calidad_de_Software\Safeguard-ops\SafeGuard_Front\src\pages\dashboards\ClientDashboard.tsx">
        <metrics statements="37" coveredstatements="34" conditionals="8" coveredconditionals="4" methods="9" coveredmethods="8"/>
        <line num="6" count="7" type="stmt"/>
        <line num="7" count="7" type="stmt"/>
        <line num="8" count="7" type="stmt"/>
        <line num="9" count="7" type="stmt"/>
        <line num="10" count="7" type="stmt"/>
        <line num="11" count="7" type="stmt"/>
        <line num="12" count="7" type="stmt"/>
        <line num="16" count="7" type="cond" truecount="1" falsecount="1"/>
        <line num="17" count="7" type="stmt"/>
        <line num="19" count="7" type="stmt"/>
        <line num="20" count="1" type="stmt"/>
        <line num="23" count="7" type="stmt"/>
        <line num="24" count="3" type="stmt"/>
        <line num="25" count="3" type="stmt"/>
        <line num="26" count="3" type="stmt"/>
        <line num="27" count="3" type="stmt"/>
        <line num="29" count="0" type="stmt"/>
        <line num="33" count="7" type="stmt"/>
        <line num="34" count="2" type="stmt"/>
        <line num="35" count="2" type="stmt"/>
        <line num="36" count="2" type="stmt"/>
        <line num="37" count="2" type="stmt"/>
        <line num="41" count="2" type="stmt"/>
        <line num="42" count="2" type="stmt"/>
        <line num="43" count="2" type="stmt"/>
        <line num="44" count="2" type="stmt"/>
        <line num="45" count="2" type="stmt"/>
        <line num="46" count="2" type="stmt"/>
        <line num="47" count="2" type="stmt"/>
        <line num="49" count="0" type="stmt"/>
        <line num="53" count="7" type="stmt"/>
        <line num="65" count="1" type="stmt"/>
        <line num="68" count="1" type="stmt"/>
        <line num="71" count="1" type="stmt"/>
        <line num="82" count="1" type="stmt"/>
        <line num="83" count="1" type="stmt"/>
        <line num="115" count="0" type="stmt"/>
      </file>
    </package>
    <package name="services">
      <metrics statements="14" coveredstatements="14" conditionals="9" coveredconditionals="8" methods="1" coveredmethods="1"/>
      <file name="api.ts" path="C:\Users\alesa\OneDrive\Desktop\Universidad\Clases\2026-1\Calidad_de_Software\Safeguard-ops\SafeGuard_Front\src\services\api.ts">
        <metrics statements="14" coveredstatements="14" conditionals="9" coveredconditionals="8" methods="1" coveredmethods="1"/>
        <line num="1" count="4" type="stmt"/>
        <line num="3" count="4" type="cond" truecount="1" falsecount="0"/>
        <line num="4" count="4" type="stmt"/>
        <line num="9" count="4" type="cond" truecount="1" falsecount="1"/>
        <line num="10" count="4" type="stmt"/>
        <line num="13" count="4" type="stmt"/>
        <line num="16" count="4" type="stmt"/>
        <line num="18" count="4" type="cond" truecount="2" falsecount="0"/>
        <line num="19" count="3" type="stmt"/>
        <line num="20" count="3" type="cond" truecount="4" falsecount="0"/>
        <line num="21" count="1" type="stmt"/>
        <line num="24" count="1" type="stmt"/>
        <line num="25" count="1" type="stmt"/>
        <line num="26" count="1" type="stmt"/>
      </file>
    </package>
  </project>
</coverage>
