{"C:\\Users\\alesa\\OneDrive\\Desktop\\Universidad\\Clases\\2026-1\\Calidad_de_Software\\Safeguard-ops\\SafeGuard_Front\\src\\pages\\Login.tsx": {"path":"C:\\Users\\alesa\\OneDrive\\Desktop\\Universidad\\Clases\\2026-1\\Calidad_de_Software\\Safeguard-ops\\SafeGuard_Front\\src\\pages\\Login.tsx","statementMap":{"0":{"start":{"line":6,"column":16},"end":{"line":6,"column":40}},"1":{"start":{"line":7,"column":19},"end":{"line":7,"column":46}},"2":{"start":{"line":8,"column":16},"end":{"line":8,"column":40}},"3":{"start":{"line":9,"column":8},"end":{"line":9,"column":32}},"4":{"start":{"line":11,"column":23},"end":{"line":30,"column":null}},"5":{"start":{"line":12,"column":4},"end":{"line":12,"column":null}},"6":{"start":{"line":13,"column":4},"end":{"line":13,"column":null}},"7":{"start":{"line":14,"column":4},"end":{"line":30,"column":null}},"8":{"start":{"line":15,"column":19},"end":{"line":15,"column":68}},"9":{"start":{"line":18,"column":6},"end":{"line":18,"column":null}},"10":{"start":{"line":21,"column":6},"end":{"line":26,"column":null}},"11":{"start":{"line":22,"column":8},"end":{"line":22,"column":null}},"12":{"start":{"line":23,"column":17},"end":{"line":26,"column":null}},"13":{"start":{"line":24,"column":8},"end":{"line":24,"column":null}},"14":{"start":{"line":26,"column":8},"end":{"line":26,"column":null}},"15":{"start":{"line":30,"column":6},"end":{"line":30,"column":null}},"16":{"start":{"line":34,"column":2},"end":{"line":47,"column":null}},"17":{"start":{"line":40,"column":25},"end":{"line":40,"column":53}},"18":{"start":{"line":43,"column":25},"end":{"line":43,"column":56}}},"fnMap":{"0":{"name":"Login","decl":{"start":{"line":5,"column":24},"end":{"line":5,"column":32}},"loc":{"start":{"line":5,"column":32},"end":{"line":47,"column":null}},"line":5},"1":{"name":"(anonymous_1)","decl":{"start":{"line":11,"column":23},"end":{"line":11,"column":30}},"loc":{"start":{"line":11,"column":75},"end":{"line":30,"column":null}},"line":11},"2":{"name":"(anonymous_2)","decl":{"start":{"line":40,"column":10},"end":{"line":40,"column":20}},"loc":{"start":{"line":40,"column":25},"end":{"line":40,"column":53}},"line":40},"3":{"name":"(anonymous_3)","decl":{"start":{"line":43,"column":10},"end":{"line":43,"column":20}},"loc":{"start":{"line":43,"column":25},"end":{"line":43,"column":56}},"line":43}},"branchMap":{"0":{"loc":{"start":{"line":21,"column":6},"end":{"line":26,"column":null}},"type":"if","locations":[{"start":{"line":21,"column":6},"end":{"line":26,"column":null}},{"start":{"line":23,"column":17},"end":{"line":26,"column":null}}],"line":21},"1":{"loc":{"start":{"line":23,"column":17},"end":{"line":26,"column":null}},"type":"if","locations":[{"start":{"line":23,"column":17},"end":{"line":26,"column":null}},{"start":{"line":25,"column":13},"end":{"line":26,"column":null}}],"line":23},"2":{"loc":{"start":{"line":37,"column":7},"end":{"line":37,"column":null}},"type":"binary-expr","locations":[{"start":{"line":37,"column":7},"end":{"line":37,"column":16}},{"start":{"line":37,"column":16},"end":{"line":37,"column":null}}],"line":37}},"s":{"0":11,"1":11,"2":11,"3":11,"4":11,"5":2,"6":2,"7":2,"8":2,"9":1,"10":1,"11":1,"12":0,"13":0,"14":0,"15":1,"16":11,"17":2,"18":2},"f":{"0":11,"1":2,"2":2,"3":2},"b":{"0":[1,0],"1":[0,0],"2":[11,1]},"meta":{"lastBranch":3,"lastFunction":4,"lastStatement":19,"seen":{"f:5:24:5:32":0,"s:6:16:6:40":0,"s:7:19:7:46":1,"s:8:16:8:40":2,"s:9:8:9:32":3,"s:11:23:30:Infinity":4,"f:11:23:11:30":1,"s:12:4:12:Infinity":5,"s:13:4:13:Infinity":6,"s:14:4:30:Infinity":7,"s:15:19:15:68":8,"s:18:6:18:Infinity":9,"b:21:6:26:Infinity:23:17:26:Infinity":0,"s:21:6:26:Infinity":10,"s:22:8:22:Infinity":11,"b:23:17:26:Infinity:25:13:26:Infinity":1,"s:23:17:26:Infinity":12,"s:24:8:24:Infinity":13,"s:26:8:26:Infinity":14,"s:30:6:30:Infinity":15,"s:34:2:47:Infinity":16,"b:37:7:37:16:37:16:37:Infinity":2,"f:40:10:40:20":2,"s:40:25:40:53":17,"f:43:10:43:20":3,"s:43:25:43:56":18}}}
,"C:\\Users\\alesa\\OneDrive\\Desktop\\Universidad\\Clases\\2026-1\\Calidad_de_Software\\Safeguard-ops\\SafeGuard_Front\\src\\services\\api.ts": {"path":"C:\\Users\\alesa\\OneDrive\\Desktop\\Universidad\\Clases\\2026-1\\Calidad_de_Software\\Safeguard-ops\\SafeGuard_Front\\src\\services\\api.ts","statementMap":{"0":{"start":{"line":1,"column":16},"end":{"line":1,"column":null}},"1":{"start":{"line":3,"column":23},"end":{"line":12,"column":null}},"2":{"start":{"line":4,"column":19},"end":{"line":8,"column":4}},"3":{"start":{"line":10,"column":15},"end":{"line":10,"column":36}},"4":{"start":{"line":11,"column":2},"end":{"line":11,"column":null}},"5":{"start":{"line":11,"column":20},"end":{"line":11,"column":null}},"6":{"start":{"line":12,"column":2},"end":{"line":12,"column":null}}},"fnMap":{"0":{"name":"(anonymous_0)","decl":{"start":{"line":3,"column":23},"end":{"line":3,"column":30}},"loc":{"start":{"line":3,"column":62},"end":{"line":12,"column":null}},"line":3}},"branchMap":{"0":{"loc":{"start":{"line":11,"column":2},"end":{"line":11,"column":null}},"type":"if","locations":[{"start":{"line":11,"column":2},"end":{"line":11,"column":null}},{"start":{},"end":{}}],"line":11},"1":{"loc":{"start":{"line":11,"column":36},"end":{"line":11,"column":73}},"type":"binary-expr","locations":[{"start":{"line":11,"column":36},"end":{"line":11,"column":50}},{"start":{"line":11,"column":50},"end":{"line":11,"column":73}}],"line":11}},"s":{"0":2,"1":2,"2":3,"3":3,"4":3,"5":2,"6":1},"f":{"0":3},"b":{"0":[2,1],"1":[2,1]},"meta":{"lastBranch":2,"lastFunction":1,"lastStatement":7,"seen":{"s:1:16:1:Infinity":0,"s:3:23:12:Infinity":1,"f:3:23:3:30":0,"s:4:19:8:4":2,"s:10:15:10:36":3,"b:11:2:11:Infinity:undefined:undefined:undefined:undefined":0,"s:11:2:11:Infinity":4,"s:11:20:11:Infinity":5,"b:11:36:11:50:11:50:11:73":1,"s:12:2:12:Infinity":6}}}
}
