{"C:\\Users\\alesa\\OneDrive\\Desktop\\Universidad\\Clases\\2026-1\\Calidad_de_Software\\Safeguard-ops\\SafeGuard_Front\\src\\pages\\Login.tsx": {"path":"C:\\Users\\alesa\\OneDrive\\Desktop\\Universidad\\Clases\\2026-1\\Calidad_de_Software\\Safeguard-ops\\SafeGuard_Front\\src\\pages\\Login.tsx","statementMap":{"0":{"start":{"line":6,"column":16},"end":{"line":6,"column":40}},"1":{"start":{"line":7,"column":19},"end":{"line":7,"column":46}},"2":{"start":{"line":8,"column":16},"end":{"line":8,"column":40}},"3":{"start":{"line":9,"column":8},"end":{"line":9,"column":32}},"4":{"start":{"line":11,"column":23},"end":{"line":30,"column":null}},"5":{"start":{"line":12,"column":4},"end":{"line":12,"column":null}},"6":{"start":{"line":13,"column":4},"end":{"line":13,"column":null}},"7":{"start":{"line":14,"column":4},"end":{"line":30,"column":null}},"8":{"start":{"line":15,"column":19},"end":{"line":15,"column":68}},"9":{"start":{"line":18,"column":6},"end":{"line":18,"column":null}},"10":{"start":{"line":21,"column":6},"end":{"line":26,"column":null}},"11":{"start":{"line":22,"column":8},"end":{"line":22,"column":null}},"12":{"start":{"line":23,"column":17},"end":{"line":26,"column":null}},"13":{"start":{"line":24,"column":8},"end":{"line":24,"column":null}},"14":{"start":{"line":26,"column":8},"end":{"line":26,"column":null}},"15":{"start":{"line":30,"column":6},"end":{"line":30,"column":null}},"16":{"start":{"line":34,"column":2},"end":{"line":47,"column":null}},"17":{"start":{"line":40,"column":25},"end":{"line":40,"column":53}},"18":{"start":{"line":43,"column":25},"end":{"line":43,"column":56}}},"fnMap":{"0":{"name":"Login","decl":{"start":{"line":5,"column":24},"end":{"line":5,"column":32}},"loc":{"start":{"line":5,"column":32},"end":{"line":47,"column":null}},"line":5},"1":{"name":"(anonymous_1)","decl":{"start":{"line":11,"column":23},"end":{"line":11,"column":30}},"loc":{"start":{"line":11,"column":75},"end":{"line":30,"column":null}},"line":11},"2":{"name":"(anonymous_2)","decl":{"start":{"line":40,"column":10},"end":{"line":40,"column":20}},"loc":{"start":{"line":40,"column":25},"end":{"line":40,"column":53}},"line":40},"3":{"name":"(anonymous_3)","decl":{"start":{"line":43,"column":10},"end":{"line":43,"column":20}},"loc":{"start":{"line":43,"column":25},"end":{"line":43,"column":56}},"line":43}},"branchMap":{"0":{"loc":{"start":{"line":21,"column":6},"end":{"line":26,"column":null}},"type":"if","locations":[{"start":{"line":21,"column":6},"end":{"line":26,"column":null}},{"start":{"line":23,"column":17},"end":{"line":26,"column":null}}],"line":21},"1":{"loc":{"start":{"line":23,"column":17},"end":{"line":26,"column":null}},"type":"if","locations":[{"start":{"line":23,"column":17},"end":{"line":26,"column":null}},{"start":{"line":25,"column":13},"end":{"line":26,"column":null}}],"line":23},"2":{"loc":{"start":{"line":37,"column":7},"end":{"line":37,"column":null}},"type":"binary-expr","locations":[{"start":{"line":37,"column":7},"end":{"line":37,"column":16}},{"start":{"line":37,"column":16},"end":{"line":37,"column":null}}],"line":37}},"s":{"0":10,"1":10,"2":10,"3":10,"4":10,"5":2,"6":2,"7":2,"8":2,"9":1,"10":1,"11":1,"12":0,"13":0,"14":0,"15":1,"16":10,"17":2,"18":2},"f":{"0":10,"1":2,"2":2,"3":2},"b":{"0":[1,0],"1":[0,0],"2":[10,1]},"meta":{"lastBranch":3,"lastFunction":4,"lastStatement":19,"seen":{"f:5:24:5:32":0,"s:6:16:6:40":0,"s:7:19:7:46":1,"s:8:16:8:40":2,"s:9:8:9:32":3,"s:11:23:30:Infinity":4,"f:11:23:11:30":1,"s:12:4:12:Infinity":5,"s:13:4:13:Infinity":6,"s:14:4:30:Infinity":7,"s:15:19:15:68":8,"s:18:6:18:Infinity":9,"b:21:6:26:Infinity:23:17:26:Infinity":0,"s:21:6:26:Infinity":10,"s:22:8:22:Infinity":11,"b:23:17:26:Infinity:25:13:26:Infinity":1,"s:23:17:26:Infinity":12,"s:24:8:24:Infinity":13,"s:26:8:26:Infinity":14,"s:30:6:30:Infinity":15,"s:34:2:47:Infinity":16,"b:37:7:37:16:37:16:37:Infinity":2,"f:40:10:40:20":2,"s:40:25:40:53":17,"f:43:10:43:20":3,"s:43:25:43:56":18}}}
,"C:\\Users\\alesa\\OneDrive\\Desktop\\Universidad\\Clases\\2026-1\\Calidad_de_Software\\Safeguard-ops\\SafeGuard_Front\\src\\pages\\dashboards\\AdminDashboard.tsx": {"path":"C:\\Users\\alesa\\OneDrive\\Desktop\\Universidad\\Clases\\2026-1\\Calidad_de_Software\\Safeguard-ops\\SafeGuard_Front\\src\\pages\\dashboards\\AdminDashboard.tsx","statementMap":{"0":{"start":{"line":5,"column":22},"end":{"line":5,"column":59}},"1":{"start":{"line":6,"column":21},"end":{"line":6,"column":57}},"2":{"start":{"line":7,"column":18},"end":{"line":7,"column":44}},"3":{"start":{"line":10,"column":22},"end":{"line":10,"column":79}},"4":{"start":{"line":12,"column":2},"end":{"line":14,"column":null}},"5":{"start":{"line":13,"column":4},"end":{"line":13,"column":null}},"6":{"start":{"line":16,"column":22},"end":{"line":23,"column":null}},"7":{"start":{"line":17,"column":4},"end":{"line":23,"column":null}},"8":{"start":{"line":18,"column":23},"end":{"line":18,"column":75}},"9":{"start":{"line":19,"column":19},"end":{"line":19,"column":40}},"10":{"start":{"line":20,"column":6},"end":{"line":20,"column":null}},"11":{"start":{"line":21,"column":6},"end":{"line":21,"column":null}},"12":{"start":{"line":23,"column":6},"end":{"line":23,"column":null}},"13":{"start":{"line":27,"column":8},"end":{"line":28,"column":null}},"14":{"start":{"line":28,"column":4},"end":{"line":28,"column":null}},"15":{"start":{"line":31,"column":24},"end":{"line":45,"column":null}},"16":{"start":{"line":32,"column":4},"end":{"line":32,"column":null}},"17":{"start":{"line":33,"column":24},"end":{"line":33,"column":null}},"18":{"start":{"line":35,"column":4},"end":{"line":37,"column":null}},"19":{"start":{"line":36,"column":6},"end":{"line":36,"column":null}},"20":{"start":{"line":37,"column":6},"end":{"line":37,"column":null}},"21":{"start":{"line":40,"column":4},"end":{"line":45,"column":null}},"22":{"start":{"line":41,"column":6},"end":{"line":41,"column":null}},"23":{"start":{"line":42,"column":6},"end":{"line":42,"column":null}},"24":{"start":{"line":43,"column":6},"end":{"line":43,"column":null}},"25":{"start":{"line":45,"column":6},"end":{"line":45,"column":null}},"26":{"start":{"line":49,"column":2},"end":{"line":99,"column":null}},"27":{"start":{"line":74,"column":14},"end":{"line":97,"column":null}},"28":{"start":{"line":79,"column":37},"end":{"line":79,"column":81}},"29":{"start":{"line":85,"column":22},"end":{"line":85,"column":null}},"30":{"start":{"line":91,"column":35},"end":{"line":91,"column":54}}},"fnMap":{"0":{"name":"AdminDashboard","decl":{"start":{"line":4,"column":24},"end":{"line":4,"column":41}},"loc":{"start":{"line":4,"column":41},"end":{"line":99,"column":null}},"line":4},"1":{"name":"(anonymous_1)","decl":{"start":{"line":12,"column":2},"end":{"line":12,"column":18}},"loc":{"start":{"line":12,"column":18},"end":{"line":14,"column":7}},"line":12},"2":{"name":"(anonymous_2)","decl":{"start":{"line":16,"column":22},"end":{"line":16,"column":34}},"loc":{"start":{"line":16,"column":34},"end":{"line":23,"column":null}},"line":16},"3":{"name":"(anonymous_3)","decl":{"start":{"line":27,"column":8},"end":{"line":27,"column":34}},"loc":{"start":{"line":27,"column":79},"end":{"line":28,"column":null}},"line":27},"4":{"name":"(anonymous_4)","decl":{"start":{"line":31,"column":24},"end":{"line":31,"column":31}},"loc":{"start":{"line":31,"column":55},"end":{"line":45,"column":null}},"line":31},"5":{"name":"(anonymous_5)","decl":{"start":{"line":73,"column":25},"end":{"line":73,"column":29}},"loc":{"start":{"line":74,"column":14},"end":{"line":97,"column":null}},"line":74},"6":{"name":"(anonymous_6)","decl":{"start":{"line":79,"column":20},"end":{"line":79,"column":31}},"loc":{"start":{"line":79,"column":37},"end":{"line":79,"column":81}},"line":79},"7":{"name":"(anonymous_7)","decl":{"start":{"line":84,"column":32},"end":{"line":84,"column":36}},"loc":{"start":{"line":85,"column":22},"end":{"line":85,"column":null}},"line":85},"8":{"name":"(anonymous_8)","decl":{"start":{"line":91,"column":20},"end":{"line":91,"column":35}},"loc":{"start":{"line":91,"column":35},"end":{"line":91,"column":54}},"line":91}},"branchMap":{"0":{"loc":{"start":{"line":35,"column":4},"end":{"line":37,"column":null}},"type":"if","locations":[{"start":{"line":35,"column":4},"end":{"line":37,"column":null}},{"start":{},"end":{}}],"line":35},"1":{"loc":{"start":{"line":54,"column":7},"end":{"line":56,"column":null}},"type":"binary-expr","locations":[{"start":{"line":54,"column":7},"end":{"line":54,"column":18}},{"start":{"line":54,"column":18},"end":{"line":56,"column":null}}],"line":54},"2":{"loc":{"start":{"line":60,"column":7},"end":{"line":99,"column":null}},"type":"cond-expr","locations":[{"start":{"line":61,"column":8},"end":{"line":63,"column":9}},{"start":{"line":63,"column":8},"end":{"line":99,"column":null}}],"line":60},"3":{"loc":{"start":{"line":80,"column":27},"end":{"line":80,"column":null}},"type":"binary-expr","locations":[{"start":{"line":80,"column":27},"end":{"line":80,"column":48}},{"start":{"line":80,"column":48},"end":{"line":80,"column":null}}],"line":80}},"s":{"0":10,"1":10,"2":10,"3":10,"4":10,"5":3,"6":10,"7":4,"8":4,"9":4,"10":4,"11":4,"12":0,"13":10,"14":1,"15":10,"16":2,"17":2,"18":2,"19":1,"20":1,"21":1,"22":1,"23":1,"24":1,"25":0,"26":10,"27":7,"28":1,"29":7,"30":2},"f":{"0":10,"1":3,"2":4,"3":1,"4":2,"5":7,"6":1,"7":7,"8":2},"b":{"0":[1,1],"1":[10,2],"2":[3,7],"3":[7,4]},"meta":{"lastBranch":4,"lastFunction":9,"lastStatement":31,"seen":{"f:4:24:4:41":0,"s:5:22:5:59":0,"s:6:21:6:57":1,"s:7:18:7:44":2,"s:10:22:10:79":3,"s:12:2:14:Infinity":4,"f:12:2:12:18":1,"s:13:4:13:Infinity":5,"s:16:22:23:Infinity":6,"f:16:22:16:34":2,"s:17:4:23:Infinity":7,"s:18:23:18:75":8,"s:19:19:19:40":9,"s:20:6:20:Infinity":10,"s:21:6:21:Infinity":11,"s:23:6:23:Infinity":12,"s:27:8:28:Infinity":13,"f:27:8:27:34":3,"s:28:4:28:Infinity":14,"s:31:24:45:Infinity":15,"f:31:24:31:31":4,"s:32:4:32:Infinity":16,"s:33:24:33:Infinity":17,"b:35:4:37:Infinity:undefined:undefined:undefined:undefined":0,"s:35:4:37:Infinity":18,"s:36:6:36:Infinity":19,"s:37:6:37:Infinity":20,"s:40:4:45:Infinity":21,"s:41:6:41:Infinity":22,"s:42:6:42:Infinity":23,"s:43:6:43:Infinity":24,"s:45:6:45:Infinity":25,"s:49:2:99:Infinity":26,"b:54:7:54:18:54:18:56:Infinity":1,"b:61:8:63:9:63:8:99:Infinity":2,"f:73:25:73:29":5,"s:74:14:97:Infinity":27,"f:79:20:79:31":6,"s:79:37:79:81":28,"b:80:27:80:48:80:48:80:Infinity":3,"f:84:32:84:36":7,"s:85:22:85:Infinity":29,"f:91:20:91:35":8,"s:91:35:91:54":30}}}
,"C:\\Users\\alesa\\OneDrive\\Desktop\\Universidad\\Clases\\2026-1\\Calidad_de_Software\\Safeguard-ops\\SafeGuard_Front\\src\\pages\\dashboards\\ClientDashboard.tsx": {"path":"C:\\Users\\alesa\\OneDrive\\Desktop\\Universidad\\Clases\\2026-1\\Calidad_de_Software\\Safeguard-ops\\SafeGuard_Front\\src\\pages\\dashboards\\ClientDashboard.tsx","statementMap":{"0":{"start":{"line":6,"column":20},"end":{"line":6,"column":48}},"1":{"start":{"line":7,"column":21},"end":{"line":7,"column":50}},"2":{"start":{"line":8,"column":18},"end":{"line":8,"column":44}},"3":{"start":{"line":9,"column":22},"end":{"line":9,"column":59}},"4":{"start":{"line":10,"column":18},"end":{"line":10,"column":44}},"5":{"start":{"line":11,"column":18},"end":{"line":11,"column":50}},"6":{"start":{"line":12,"column":19},"end":{"line":12,"column":54}},"7":{"start":{"line":16,"column":23},"end":{"line":16,"column":82}},"8":{"start":{"line":17,"column":20},"end":{"line":17,"column":null}},"9":{"start":{"line":19,"column":2},"end":{"line":21,"column":null}},"10":{"start":{"line":20,"column":4},"end":{"line":20,"column":null}},"11":{"start":{"line":23,"column":28},"end":{"line":29,"column":null}},"12":{"start":{"line":24,"column":4},"end":{"line":29,"column":null}},"13":{"start":{"line":25,"column":23},"end":{"line":25,"column":96}},"14":{"start":{"line":26,"column":19},"end":{"line":26,"column":40}},"15":{"start":{"line":27,"column":6},"end":{"line":27,"column":null}},"16":{"start":{"line":29,"column":6},"end":{"line":29,"column":null}},"17":{"start":{"line":33,"column":31},"end":{"line":49,"column":null}},"18":{"start":{"line":34,"column":4},"end":{"line":34,"column":null}},"19":{"start":{"line":35,"column":4},"end":{"line":35,"column":null}},"20":{"start":{"line":36,"column":4},"end":{"line":49,"column":null}},"21":{"start":{"line":37,"column":6},"end":{"line":40,"column":null}},"22":{"start":{"line":41,"column":6},"end":{"line":41,"column":null}},"23":{"start":{"line":42,"column":6},"end":{"line":42,"column":null}},"24":{"start":{"line":43,"column":6},"end":{"line":43,"column":null}},"25":{"start":{"line":44,"column":6},"end":{"line":44,"column":null}},"26":{"start":{"line":45,"column":6},"end":{"line":45,"column":null}},"27":{"start":{"line":46,"column":6},"end":{"line":46,"column":null}},"28":{"start":{"line":47,"column":6},"end":{"line":47,"column":null}},"29":{"start":{"line":49,"column":6},"end":{"line":49,"column":null}},"30":{"start":{"line":53,"column":2},"end":{"line":125,"column":null}},"31":{"start":{"line":65,"column":29},"end":{"line":65,"column":57}},"32":{"start":{"line":68,"column":29},"end":{"line":68,"column":58}},"33":{"start":{"line":71,"column":29},"end":{"line":71,"column":55}},"34":{"start":{"line":82,"column":16},"end":{"line":82,"column":null}},"35":{"start":{"line":83,"column":16},"end":{"line":83,"column":null}},"36":{"start":{"line":115,"column":14},"end":{"line":122,"column":null}}},"fnMap":{"0":{"name":"ClientDashboard","decl":{"start":{"line":5,"column":24},"end":{"line":5,"column":42}},"loc":{"start":{"line":5,"column":42},"end":{"line":125,"column":null}},"line":5},"1":{"name":"(anonymous_1)","decl":{"start":{"line":19,"column":2},"end":{"line":19,"column":18}},"loc":{"start":{"line":19,"column":18},"end":{"line":21,"column":7}},"line":19},"2":{"name":"(anonymous_2)","decl":{"start":{"line":23,"column":28},"end":{"line":23,"column":40}},"loc":{"start":{"line":23,"column":40},"end":{"line":29,"column":null}},"line":23},"3":{"name":"(anonymous_3)","decl":{"start":{"line":33,"column":31},"end":{"line":33,"column":38}},"loc":{"start":{"line":33,"column":83},"end":{"line":49,"column":null}},"line":33},"4":{"name":"(anonymous_4)","decl":{"start":{"line":65,"column":14},"end":{"line":65,"column":24}},"loc":{"start":{"line":65,"column":29},"end":{"line":65,"column":57}},"line":65},"5":{"name":"(anonymous_5)","decl":{"start":{"line":68,"column":14},"end":{"line":68,"column":24}},"loc":{"start":{"line":68,"column":29},"end":{"line":68,"column":58}},"line":68},"6":{"name":"(anonymous_6)","decl":{"start":{"line":71,"column":14},"end":{"line":71,"column":24}},"loc":{"start":{"line":71,"column":29},"end":{"line":71,"column":55}},"line":71},"7":{"name":"(anonymous_7)","decl":{"start":{"line":81,"column":14},"end":{"line":81,"column":33}},"loc":{"start":{"line":81,"column":46},"end":{"line":83,"column":null}},"line":81},"8":{"name":"(anonymous_8)","decl":{"start":{"line":114,"column":24},"end":{"line":114,"column":28}},"loc":{"start":{"line":115,"column":14},"end":{"line":122,"column":null}},"line":115}},"branchMap":{"0":{"loc":{"start":{"line":16,"column":34},"end":{"line":16,"column":82}},"type":"binary-expr","locations":[{"start":{"line":16,"column":34},"end":{"line":16,"column":73}},{"start":{"line":16,"column":77},"end":{"line":16,"column":82}}],"line":16},"1":{"loc":{"start":{"line":97,"column":9},"end":{"line":97,"column":null}},"type":"binary-expr","locations":[{"start":{"line":97,"column":9},"end":{"line":97,"column":20}},{"start":{"line":97,"column":20},"end":{"line":97,"column":null}}],"line":97},"2":{"loc":{"start":{"line":111,"column":11},"end":{"line":122,"column":null}},"type":"cond-expr","locations":[{"start":{"line":112,"column":12},"end":{"line":114,"column":24}},{"start":{"line":114,"column":12},"end":{"line":122,"column":null}}],"line":111},"3":{"loc":{"start":{"line":119,"column":36},"end":{"line":119,"column":83}},"type":"cond-expr","locations":[{"start":{"line":119,"column":63},"end":{"line":119,"column":74}},{"start":{"line":119,"column":74},"end":{"line":119,"column":83}}],"line":119}},"s":{"0":7,"1":7,"2":7,"3":7,"4":7,"5":7,"6":7,"7":7,"8":7,"9":7,"10":1,"11":7,"12":3,"13":3,"14":3,"15":3,"16":0,"17":7,"18":2,"19":2,"20":2,"21":2,"22":2,"23":2,"24":2,"25":2,"26":2,"27":2,"28":2,"29":0,"30":7,"31":1,"32":1,"33":1,"34":1,"35":1,"36":0},"f":{"0":7,"1":1,"2":3,"3":2,"4":1,"5":1,"6":1,"7":1,"8":0},"b":{"0":[7,0],"1":[7,1],"2":[7,0],"3":[0,0]},"meta":{"lastBranch":4,"lastFunction":9,"lastStatement":37,"seen":{"f:5:24:5:42":0,"s:6:20:6:48":0,"s:7:21:7:50":1,"s:8:18:8:44":2,"s:9:22:9:59":3,"s:10:18:10:44":4,"s:11:18:11:50":5,"s:12:19:12:54":6,"s:16:23:16:82":7,"b:16:34:16:73:16:77:16:82":0,"s:17:20:17:Infinity":8,"s:19:2:21:Infinity":9,"f:19:2:19:18":1,"s:20:4:20:Infinity":10,"s:23:28:29:Infinity":11,"f:23:28:23:40":2,"s:24:4:29:Infinity":12,"s:25:23:25:96":13,"s:26:19:26:40":14,"s:27:6:27:Infinity":15,"s:29:6:29:Infinity":16,"s:33:31:49:Infinity":17,"f:33:31:33:38":3,"s:34:4:34:Infinity":18,"s:35:4:35:Infinity":19,"s:36:4:49:Infinity":20,"s:37:6:40:Infinity":21,"s:41:6:41:Infinity":22,"s:42:6:42:Infinity":23,"s:43:6:43:Infinity":24,"s:44:6:44:Infinity":25,"s:45:6:45:Infinity":26,"s:46:6:46:Infinity":27,"s:47:6:47:Infinity":28,"s:49:6:49:Infinity":29,"s:53:2:125:Infinity":30,"f:65:14:65:24":4,"s:65:29:65:57":31,"f:68:14:68:24":5,"s:68:29:68:58":32,"f:71:14:71:24":6,"s:71:29:71:55":33,"f:81:14:81:33":7,"s:82:16:82:Infinity":34,"s:83:16:83:Infinity":35,"b:97:9:97:20:97:20:97:Infinity":1,"b:112:12:114:24:114:12:122:Infinity":2,"f:114:24:114:28":8,"s:115:14:122:Infinity":36,"b:119:63:119:74:119:74:119:83":3}}}
,"C:\\Users\\alesa\\OneDrive\\Desktop\\Universidad\\Clases\\2026-1\\Calidad_de_Software\\Safeguard-ops\\SafeGuard_Front\\src\\services\\api.ts": {"path":"C:\\Users\\alesa\\OneDrive\\Desktop\\Universidad\\Clases\\2026-1\\Calidad_de_Software\\Safeguard-ops\\SafeGuard_Front\\src\\services\\api.ts","statementMap":{"0":{"start":{"line":1,"column":16},"end":{"line":1,"column":null}},"1":{"start":{"line":3,"column":23},"end":{"line":26,"column":null}},"2":{"start":{"line":4,"column":30},"end":{"line":7,"column":null}},"3":{"start":{"line":9,"column":2},"end":{"line":10,"column":null}},"4":{"start":{"line":10,"column":4},"end":{"line":10,"column":null}},"5":{"start":{"line":13,"column":19},"end":{"line":13,"column":63}},"6":{"start":{"line":16,"column":22},"end":{"line":16,"column":58}},"7":{"start":{"line":18,"column":2},"end":{"line":26,"column":null}},"8":{"start":{"line":19,"column":17},"end":{"line":19,"column":38}},"9":{"start":{"line":20,"column":4},"end":{"line":20,"column":null}},"10":{"start":{"line":20,"column":22},"end":{"line":20,"column":null}},"11":{"start":{"line":21,"column":4},"end":{"line":21,"column":null}},"12":{"start":{"line":24,"column":22},"end":{"line":24,"column":43}},"13":{"start":{"line":25,"column":4},"end":{"line":25,"column":null}},"14":{"start":{"line":26,"column":4},"end":{"line":26,"column":null}}},"fnMap":{"0":{"name":"(anonymous_0)","decl":{"start":{"line":3,"column":23},"end":{"line":3,"column":30}},"loc":{"start":{"line":3,"column":88},"end":{"line":26,"column":null}},"line":3}},"branchMap":{"0":{"loc":{"start":{"line":3,"column":60},"end":{"line":3,"column":88}},"type":"default-arg","locations":[{"start":{"line":3,"column":77},"end":{"line":3,"column":88}}],"line":3},"1":{"loc":{"start":{"line":9,"column":2},"end":{"line":10,"column":null}},"type":"if","locations":[{"start":{"line":9,"column":2},"end":{"line":10,"column":null}},{"start":{},"end":{}}],"line":9},"2":{"loc":{"start":{"line":18,"column":2},"end":{"line":26,"column":null}},"type":"if","locations":[{"start":{"line":18,"column":2},"end":{"line":26,"column":null}},{"start":{"line":22,"column":9},"end":{"line":26,"column":null}}],"line":18},"3":{"loc":{"start":{"line":20,"column":4},"end":{"line":20,"column":null}},"type":"if","locations":[{"start":{"line":20,"column":4},"end":{"line":20,"column":null}},{"start":{},"end":{}}],"line":20},"4":{"loc":{"start":{"line":20,"column":38},"end":{"line":20,"column":75}},"type":"binary-expr","locations":[{"start":{"line":20,"column":38},"end":{"line":20,"column":52}},{"start":{"line":20,"column":52},"end":{"line":20,"column":75}}],"line":20}},"s":{"0":4,"1":4,"2":4,"3":4,"4":4,"5":4,"6":4,"7":4,"8":3,"9":3,"10":2,"11":1,"12":1,"13":1,"14":1},"f":{"0":4},"b":{"0":[4],"1":[4,0],"2":[3,1],"3":[2,1],"4":[2,1]},"meta":{"lastBranch":5,"lastFunction":1,"lastStatement":15,"seen":{"s:1:16:1:Infinity":0,"s:3:23:26:Infinity":1,"f:3:23:3:30":0,"b:3:77:3:88":0,"s:4:30:7:Infinity":2,"b:9:2:10:Infinity:undefined:undefined:undefined:undefined":1,"s:9:2:10:Infinity":3,"s:10:4:10:Infinity":4,"s:13:19:13:63":5,"s:16:22:16:58":6,"b:18:2:26:Infinity:22:9:26:Infinity":2,"s:18:2:26:Infinity":7,"s:19:17:19:38":8,"b:20:4:20:Infinity:undefined:undefined:undefined:undefined":3,"s:20:4:20:Infinity":9,"s:20:22:20:Infinity":10,"b:20:38:20:52:20:52:20:75":4,"s:21:4:21:Infinity":11,"s:24:22:24:43":12,"s:25:4:25:Infinity":13,"s:26:4:26:Infinity":14}}}
}
