TN:
SF:src\components\Layout.tsx
FN:3,Layout
FN:7,(anonymous_1)
FNF:2
FNH:1
FNDA:23,Layout
FNDA:0,(anonymous_1)
DA:4,23
DA:5,23
DA:7,23
DA:8,0
DA:9,0
DA:12,23
LF:6
LH:4
BRDA:5,0,0,23
BRDA:5,0,1,0
BRF:2
BRH:1
end_of_record
TN:
SF:src\pages\Login.tsx
FN:5,Login
FN:11,(anonymous_1)
FN:44,(anonymous_2)
FN:48,(anonymous_3)
FNF:4
FNH:4
FNDA:10,Login
FNDA:2,(anonymous_1)
FNDA:2,(anonymous_2)
FNDA:2,(anonymous_3)
DA:6,10
DA:7,10
DA:8,10
DA:9,10
DA:11,10
DA:12,2
DA:13,2
DA:14,2
DA:16,1
DA:22,1
DA:24,1
DA:25,0
DA:26,0
DA:28,1
DA:31,10
DA:44,2
DA:48,2
LF:17
LH:15
BRDA:24,0,0,1
BRDA:24,0,1,0
BRDA:25,1,0,0
BRDA:25,1,1,0
BRDA:39,2,0,10
BRDA:39,2,1,1
BRF:6
BRH:3
end_of_record
TN:
SF:src\pages\Register.tsx
FN:5,Register
FN:10,(anonymous_1)
FN:33,(anonymous_2)
FN:37,(anonymous_3)
FN:41,(anonymous_4)
FN:45,(anonymous_5)
FNF:6
FNH:5
FNDA:11,Register
FNDA:2,(anonymous_1)
FNDA:2,(anonymous_2)
FNDA:2,(anonymous_3)
FNDA:2,(anonymous_4)
FNDA:0,(anonymous_5)
DA:6,11
DA:7,11
DA:8,11
DA:10,11
DA:11,2
DA:12,2
DA:13,2
DA:15,1
DA:16,1
DA:19,11
DA:33,2
DA:37,2
DA:41,2
DA:45,0
LF:14
LH:13
BRDA:27,0,0,11
BRDA:27,0,1,1
BRF:2
BRH:2
end_of_record
TN:
SF:src\pages\dashboards\AdminDashboard.tsx
FN:5,AdminDashboard
FN:12,(anonymous_1)
FN:14,(anonymous_2)
FN:26,(anonymous_3)
FN:28,(anonymous_4)
FN:39,(anonymous_5)
FN:55,(anonymous_6)
FN:56,(anonymous_7)
FN:57,(anonymous_8)
FN:97,(anonymous_9)
FN:101,(anonymous_10)
FN:103,(anonymous_11)
FN:106,(anonymous_12)
FN:127,(anonymous_13)
FN:148,(anonymous_14)
FNF:15
FNH:11
FNDA:9,AdminDashboard
FNDA:3,(anonymous_1)
FNDA:3,(anonymous_2)
FNDA:0,(anonymous_3)
FNDA:1,(anonymous_4)
FNDA:1,(anonymous_5)
FNDA:6,(anonymous_6)
FNDA:6,(anonymous_7)
FNDA:6,(anonymous_8)
FNDA:6,(anonymous_9)
FNDA:0,(anonymous_10)
FNDA:6,(anonymous_11)
FNDA:1,(anonymous_12)
FNDA:0,(anonymous_13)
FNDA:0,(anonymous_14)
DA:6,9
DA:7,9
DA:8,9
DA:9,9
DA:10,9
DA:12,9
DA:14,9
DA:15,3
DA:16,3
DA:17,3
DA:18,3
DA:19,3
DA:21,0
DA:22,0
DA:26,9
DA:28,9
DA:29,1
DA:30,1
DA:31,1
DA:32,0
DA:33,0
DA:34,0
DA:35,0
DA:36,0
DA:39,9
DA:40,1
DA:41,1
DA:42,1
DA:43,1
DA:44,1
DA:45,1
DA:46,1
DA:47,1
DA:48,1
DA:49,1
DA:50,1
DA:51,0
DA:55,9
DA:56,9
DA:57,9
DA:59,9
DA:98,6
DA:101,0
DA:103,6
DA:106,1
DA:128,0
DA:149,0
LF:47
LH:36
BRDA:31,0,0,1
BRDA:31,0,1,0
BRDA:43,1,0,0
BRDA:43,1,1,1
BRDA:56,2,0,6
BRDA:56,2,1,0
BRDA:57,3,0,6
BRDA:57,3,1,6
BRDA:81,4,0,9
BRDA:81,4,1,1
BRDA:82,5,0,9
BRDA:82,5,1,1
BRDA:90,6,0,3
BRDA:90,6,1,6
BRDA:101,7,0,6
BRDA:101,7,1,6
BRDA:126,8,0,9
BRDA:126,8,1,0
BRDA:130,9,0,0
BRDA:130,9,1,0
BRDA:131,10,0,0
BRDA:131,10,1,0
BRDA:131,11,0,0
BRDA:131,11,1,0
BRDA:147,12,0,9
BRDA:147,12,1,0
BRDA:151,13,0,0
BRDA:151,13,1,0
BRDA:152,14,0,0
BRDA:152,14,1,0
BRDA:153,15,0,0
BRDA:153,15,1,0
BRF:32
BRH:15
end_of_record
TN:
SF:src\pages\dashboards\ClientDashboard.tsx
FN:6,ClientDashboard
FN:19,(anonymous_1)
FN:21,(anonymous_2)
FN:22,(anonymous_3)
FN:25,(anonymous_4)
FN:33,(anonymous_5)
FN:42,(anonymous_6)
FN:50,(anonymous_7)
FN:54,(anonymous_8)
FN:55,(anonymous_9)
FN:70,(anonymous_10)
FN:75,(anonymous_11)
FN:79,(anonymous_12)
FN:85,(anonymous_13)
FN:102,(anonymous_14)
FN:109,(anonymous_15)
FN:129,(anonymous_16)
FNF:17
FNH:15
FNDA:10,ClientDashboard
FNDA:2,(anonymous_1)
FNDA:0,(anonymous_2)
FNDA:2,(anonymous_3)
FNDA:5,(anonymous_4)
FNDA:2,(anonymous_5)
FNDA:1,(anonymous_6)
FNDA:2,(anonymous_7)
FNDA:2,(anonymous_8)
FNDA:2,(anonymous_9)
FNDA:1,(anonymous_10)
FNDA:1,(anonymous_11)
FNDA:1,(anonymous_12)
FNDA:1,(anonymous_13)
FNDA:2,(anonymous_14)
FNDA:1,(anonymous_15)
FNDA:0,(anonymous_16)
DA:7,10
DA:8,10
DA:9,10
DA:10,10
DA:11,10
DA:12,10
DA:13,10
DA:14,10
DA:16,10
DA:17,10
DA:19,10
DA:20,2
DA:21,2
DA:22,2
DA:25,10
DA:26,5
DA:27,5
DA:28,5
DA:29,5
DA:30,0
DA:33,10
DA:34,2
DA:35,2
DA:36,2
DA:37,2
DA:38,2
DA:39,0
DA:42,10
DA:43,1
DA:44,1
DA:45,1
DA:46,1
DA:47,0
DA:50,10
DA:51,2
DA:54,10
DA:55,10
DA:57,10
DA:70,1
DA:75,1
DA:79,1
DA:85,1
DA:103,2
DA:109,1
DA:130,0
LF:45
LH:41
BRDA:16,0,0,10
BRDA:16,0,1,0
BRDA:17,1,0,10
BRDA:17,1,1,0
BRDA:26,2,0,0
BRDA:26,2,1,5
BRDA:54,3,0,2
BRDA:54,3,1,2
BRDA:54,3,2,2
BRDA:54,3,3,2
BRDA:55,4,0,2
BRDA:55,4,1,2
BRDA:55,4,2,2
BRDA:59,5,0,10
BRDA:59,5,1,2
BRDA:101,6,0,8
BRDA:101,6,1,2
BRDA:106,7,0,2
BRDA:106,7,1,0
BRDA:108,8,0,2
BRDA:108,8,1,0
BRDA:108,9,0,2
BRDA:108,9,1,2
BRDA:108,9,2,2
BRDA:128,10,0,10
BRDA:128,10,1,0
BRDA:133,11,0,0
BRDA:133,11,1,0
BRF:28
BRH:20
end_of_record
TN:
SF:src\pages\dashboards\GuardDashboard.tsx
FN:6,GuardDashboard
FN:15,(anonymous_1)
FN:17,(anonymous_2)
FN:25,(anonymous_3)
FN:30,(anonymous_4)
FN:39,(anonymous_5)
FN:44,(anonymous_6)
FN:47,(anonymous_7)
FN:48,(anonymous_8)
FN:75,(anonymous_9)
FN:88,(anonymous_10)
FN:93,(anonymous_11)
FN:120,(anonymous_12)
FNF:13
FNH:10
FNDA:6,GuardDashboard
FNDA:2,(anonymous_1)
FNDA:3,(anonymous_2)
FNDA:1,(anonymous_3)
FNDA:1,(anonymous_4)
FNDA:0,(anonymous_5)
FNDA:3,(anonymous_6)
FNDA:3,(anonymous_7)
FNDA:3,(anonymous_8)
FNDA:3,(anonymous_9)
FNDA:1,(anonymous_10)
FNDA:0,(anonymous_11)
FNDA:0,(anonymous_12)
DA:7,6
DA:8,6
DA:9,6
DA:10,6
DA:12,6
DA:13,6
DA:15,6
DA:17,6
DA:18,3
DA:19,3
DA:20,3
DA:21,3
DA:22,0
DA:25,6
DA:26,1
DA:27,1
DA:29,1
DA:31,1
DA:32,1
DA:33,1
DA:34,1
DA:35,1
DA:36,0
DA:37,1
DA:39,0
DA:44,6
DA:47,6
DA:48,6
DA:50,6
DA:76,3
DA:88,1
DA:93,0
DA:121,0
LF:33
LH:28
BRDA:12,0,0,6
BRDA:12,0,1,0
BRDA:13,1,0,6
BRDA:13,1,1,0
BRDA:18,2,0,0
BRDA:18,2,1,3
BRDA:27,3,0,0
BRDA:27,3,1,1
BRDA:32,4,0,1
BRDA:32,4,1,0
BRDA:44,5,0,3
BRDA:44,5,1,3
BRDA:47,6,0,3
BRDA:47,6,1,3
BRDA:48,7,0,3
BRDA:48,7,1,3
BRDA:64,8,0,6
BRDA:64,8,1,1
BRDA:65,9,0,6
BRDA:65,9,1,0
BRDA:72,10,0,3
BRDA:72,10,1,3
BRDA:87,11,0,3
BRDA:87,11,1,3
BRDA:89,12,0,1
BRDA:89,12,1,2
BRDA:92,13,0,3
BRDA:92,13,1,0
BRDA:94,14,0,0
BRDA:94,14,1,0
BRDA:117,15,0,6
BRDA:117,15,1,0
BRDA:125,16,0,0
BRDA:125,16,1,0
BRDA:127,17,0,0
BRDA:127,17,1,0
BRF:36
BRH:22
end_of_record
TN:
SF:src\services\api.ts
FN:3,(anonymous_0)
FNF:1
FNH:1
FNDA:5,(anonymous_0)
DA:1,6
DA:3,6
DA:4,5
DA:9,5
DA:10,5
DA:13,5
DA:15,5
DA:17,5
DA:18,3
DA:19,3
DA:20,1
DA:22,2
DA:24,2
DA:26,2
DA:28,2
LF:15
LH:15
BRDA:3,0,0,5
BRDA:9,1,0,5
BRDA:9,1,1,0
BRDA:17,2,0,3
BRDA:17,2,1,2
BRDA:19,3,0,2
BRDA:19,3,1,1
BRDA:19,4,0,2
BRDA:19,4,1,1
BRF:9
BRH:8
end_of_record
