TN:
SF:src\pages\Login.tsx
FN:5,Login
FN:11,(anonymous_1)
FN:48,(anonymous_2)
FN:51,(anonymous_3)
FNF:4
FNH:4
FNDA:10,Login
FNDA:2,(anonymous_1)
FNDA:2,(anonymous_2)
FNDA:2,(anonymous_3)
DA:6,10
DA:7,10
DA:8,10
DA:9,10
DA:11,10
DA:12,2
DA:13,2
DA:14,2
DA:15,2
DA:19,1
DA:27,1
DA:29,1
DA:30,1
DA:31,0
DA:32,0
DA:34,0
DA:38,1
DA:42,10
DA:48,2
DA:51,2
LF:20
LH:17
BRDA:29,0,0,1
BRDA:29,0,1,0
BRDA:31,1,0,0
BRDA:31,1,1,0
BRDA:45,2,0,10
BRDA:45,2,1,1
BRF:6
BRH:3
end_of_record
TN:
SF:src\pages\dashboards\AdminDashboard.tsx
FN:4,AdminDashboard
FN:13,(anonymous_1)
FN:15,(anonymous_2)
FN:25,(anonymous_3)
FN:29,(anonymous_4)
FN:46,(anonymous_5)
FN:121,(anonymous_6)
FN:134,(anonymous_7)
FN:139,(anonymous_8)
FN:146,(anonymous_9)
FNF:10
FNH:10
FNDA:14,AdminDashboard
FNDA:4,(anonymous_1)
FNDA:5,(anonymous_2)
FNDA:1,(anonymous_3)
FNDA:2,(anonymous_4)
FNDA:1,(anonymous_5)
FNDA:10,(anonymous_6)
FNDA:1,(anonymous_7)
FNDA:10,(anonymous_8)
FNDA:2,(anonymous_9)
DA:5,14
DA:6,14
DA:7,14
DA:8,14
DA:9,14
DA:11,14
DA:13,14
DA:15,14
DA:16,5
DA:18,5
DA:19,5
DA:20,5
DA:21,5
DA:22,0
DA:25,14
DA:26,1
DA:29,14
DA:30,2
DA:31,2
DA:33,2
DA:35,1
DA:36,1
DA:37,1
DA:38,1
DA:39,0
DA:43,14
DA:44,14
DA:46,14
DA:47,1
DA:48,1
DA:49,1
DA:51,1
DA:52,0
DA:53,0
DA:57,1
DA:58,1
DA:61,1
DA:62,1
DA:63,1
DA:64,1
DA:65,1
DA:66,1
DA:67,1
DA:69,1
DA:71,0
DA:75,14
DA:122,10
DA:134,1
DA:140,10
DA:146,2
LF:50
LH:45
BRDA:11,0,0,14
BRDA:11,0,1,0
BRDA:33,1,0,1
BRDA:33,1,1,1
BRDA:51,2,0,0
BRDA:51,2,1,1
BRDA:101,3,0,14
BRDA:101,3,1,2
BRDA:102,4,0,14
BRDA:102,4,1,1
BRDA:108,5,0,4
BRDA:108,5,1,10
BRDA:135,6,0,10
BRDA:135,6,1,7
BRF:14
BRH:12
end_of_record
TN:
SF:src\pages\dashboards\ClientDashboard.tsx
FN:5,ClientDashboard
FN:20,(anonymous_1)
FN:23,(anonymous_2)
FN:24,(anonymous_3)
FN:27,(anonymous_4)
FN:35,(anonymous_5)
FN:48,(anonymous_6)
FN:57,(anonymous_7)
FN:74,(anonymous_8)
FN:75,(anonymous_9)
FN:76,(anonymous_10)
FN:81,(anonymous_11)
FN:100,(anonymous_12)
FN:111,(anonymous_13)
FNF:14
FNH:13
FNDA:14,ClientDashboard
FNDA:4,(anonymous_1)
FNDA:0,(anonymous_2)
FNDA:4,(anonymous_3)
FNDA:7,(anonymous_4)
FNDA:2,(anonymous_5)
FNDA:1,(anonymous_6)
FNDA:3,(anonymous_7)
FNDA:1,(anonymous_8)
FNDA:1,(anonymous_9)
FNDA:1,(anonymous_10)
FNDA:1,(anonymous_11)
FNDA:4,(anonymous_12)
FNDA:1,(anonymous_13)
DA:6,14
DA:7,14
DA:8,14
DA:9,14
DA:10,14
DA:11,14
DA:12,14
DA:15,14
DA:17,14
DA:18,14
DA:20,14
DA:21,4
DA:23,4
DA:24,4
DA:27,14
DA:28,7
DA:29,7
DA:30,7
DA:31,7
DA:32,0
DA:35,14
DA:36,2
DA:37,2
DA:38,2
DA:39,2
DA:43,2
DA:44,2
DA:45,0
DA:48,14
DA:49,1
DA:50,1
DA:51,1
DA:52,1
DA:53,0
DA:57,14
DA:58,3
DA:59,3
DA:60,3
DA:63,14
DA:74,1
DA:75,1
DA:76,1
DA:81,1
DA:101,4
DA:111,1
LF:45
LH:42
BRDA:17,0,0,14
BRDA:17,0,1,0
BRDA:18,1,0,14
BRDA:18,1,1,0
BRDA:28,2,0,0
BRDA:28,2,1,7
BRDA:68,3,0,14
BRDA:68,3,1,2
BRDA:99,4,0,10
BRDA:99,4,1,4
BRDA:104,5,0,0
BRDA:104,5,1,4
BRDA:106,6,0,4
BRDA:106,6,1,0
BRDA:110,7,0,2
BRDA:110,7,1,2
BRDA:110,8,0,4
BRDA:110,8,1,4
BRDA:110,8,2,3
BRF:19
BRH:14
end_of_record
TN:
SF:src\services\api.ts
FN:3,(anonymous_0)
FNF:1
FNH:1
FNDA:5,(anonymous_0)
DA:1,4
DA:3,4
DA:4,5
DA:9,5
DA:10,5
DA:13,5
DA:16,5
DA:18,5
DA:19,3
DA:20,3
DA:21,1
DA:24,2
DA:29,2
DA:32,2
DA:34,2
LF:15
LH:15
BRDA:3,0,0,5
BRDA:9,1,0,5
BRDA:9,1,1,0
BRDA:18,2,0,3
BRDA:18,2,1,2
BRDA:20,3,0,2
BRDA:20,3,1,1
BRDA:20,4,0,2
BRDA:20,4,1,1
BRF:9
BRH:8
end_of_record
